Removed Pin From Net: NetName=VCC3V3 Pin=D6-1
Removed Pin From Net: NetName=VCC3V3 Pin=D7-1
Added Component: Designator=C18(C0603)
Add component. Clean all parameters for all variants
Add component (AddParameter): Name = "LatestRevisionDate"; Value = "17-Jul-2002"; VariantName = "[No Variations]"
Add component (AddParameter): Name = "LatestRevisionNote"; Value = "Re-released for DXP Platform."; VariantName = "[No Variations]"
Add component (AddParameter): Name = "Published"; Value = "8-Jun-2000"; VariantName = "[No Variations]"
Add component (AddParameter): Name = "Publisher"; Value = "Altium Limited"; VariantName = "[No Variations]"
Add component (AddParameter): Name = "Value"; Value = "104"; VariantName = "[No Variations]"
Added Component: Designator=C19(C0603)
Add component. Clean all parameters for all variants
Add component (AddParameter): Name = "LatestRevisionDate"; Value = "17-Jul-2002"; VariantName = "[No Variations]"
Add component (AddParameter): Name = "LatestRevisionNote"; Value = "Re-released for DXP Platform."; VariantName = "[No Variations]"
Add component (AddParameter): Name = "Published"; Value = "8-Jun-2000"; VariantName = "[No Variations]"
Add component (AddParameter): Name = "Publisher"; Value = "Altium Limited"; VariantName = "[No Variations]"
Add component (AddParameter): Name = "Value"; Value = "104"; VariantName = "[No Variations]"
Added Component: Designator=SW3(轻触开关_TPR_SMD)
Add component. Clean all parameters for all variants
Added Component: Designator=SW4(轻触开关_TPR_SMD)
Add component. Clean all parameters for all variants
Added Pin To Net: NetName=GND Pin=C18-1
Added Pin To Net: NetName=PB7 Pin=C18-2
Added Pin To Net: NetName=GND Pin=C19-1
Added Pin To Net: NetName=PB6 Pin=C19-2
Added Pin To Net: NetName=VCC3V3 Pin=D6-2
Added Pin To Net: NetName=VCC3V3 Pin=D7-2
Added Pin To Net: NetName=GND Pin=SW3-1
Added Pin To Net: NetName=PB7 Pin=SW3-2
Added Pin To Net: NetName=GND Pin=SW4-1
Added Pin To Net: NetName=PB6 Pin=SW4-2
Added Pin To Net: NetName=NetD6_A Pin=D6-1
Added Pin To Net: NetName=NetD6_A Pin=R14-2
Added Net: Name=NetD6_A
Added Pin To Net: NetName=NetD7_A Pin=D7-1
Added Pin To Net: NetName=NetD7_A Pin=R15-2
Added Net: Name=NetD7_A
Added Member To Class: ClassName=Main Member=Component C18 105，0603
Added Member To Class: ClassName=Main Member=Component C19 105，0603
Added Member To Class: ClassName=Main Member=Component SW3 SW-PB_V
Added Member To Class: ClassName=Main Member=Component SW4 SW-PB_V
Added Room: Name=Main
