Removed Pin From Net: NetName=GND Pin=C7-1
Removed Pin From Net: NetName=NetC7_2 Pin=C7-2
Change Component Footprint: Designator=C7 Old Footprint=C0603 New Footprint=C0805tan
Change component parameters: Designator = "C7"; Footprint = "C0805tan"; UniqueID = "\GIPDGWHU"
Change component parameters. Clean all parameters for all variants
Added Component: Designator=C15(C0603)
Add component. Clean all parameters for all variants
Add component (AddParameter): Name = "LatestRevisionDate"; Value = "17-Jul-2002"; VariantName = "[No Variations]"
Add component (AddParameter): Name = "LatestRevisionNote"; Value = "Re-released for DXP Platform."; VariantName = "[No Variations]"
Add component (AddParameter): Name = "Published"; Value = "8-Jun-2000"; VariantName = "[No Variations]"
Add component (AddParameter): Name = "Publisher"; Value = "Altium Limited"; VariantName = "[No Variations]"
Add component (AddParameter): Name = "Value"; Value = "104"; VariantName = "[No Variations]"
Added Component: Designator=C16(C0805tan)
Add component. Clean all parameters for all variants
Added Component: Designator=C17(C0603)
Add component. Clean all parameters for all variants
Add component (AddParameter): Name = "LatestRevisionDate"; Value = "17-Jul-2002"; VariantName = "[No Variations]"
Add component (AddParameter): Name = "LatestRevisionNote"; Value = "Re-released for DXP Platform."; VariantName = "[No Variations]"
Add component (AddParameter): Name = "Published"; Value = "8-Jun-2000"; VariantName = "[No Variations]"
Add component (AddParameter): Name = "Publisher"; Value = "Altium Limited"; VariantName = "[No Variations]"
Add component (AddParameter): Name = "Value"; Value = "104"; VariantName = "[No Variations]"
Added Component: Designator=P10(HRD1X4)
Add component. Clean all parameters for all variants
Added Component: Designator=P11(0.96寸OLED显示模组)
Add component. Clean all parameters for all variants
Added Component: Designator=PD1(header2X10)
Add component. Clean all parameters for all variants
Added Component: Designator=PD2(header2X10)
Add component. Clean all parameters for all variants
Added Component: Designator=PD3(header2X10)
Add component. Clean all parameters for all variants
Added Component: Designator=U4(AM1117-5V-SOT-223)
Add component. Clean all parameters for all variants
Added Pin To Net: NetName=NetC7_2 Pin=C7-1
Added Pin To Net: NetName=GND Pin=C7-2
Added Pin To Net: NetName=GND Pin=C15-1
Added Pin To Net: NetName=GND Pin=C16-2
Added Pin To Net: NetName=GND Pin=C17-1
Added Pin To Net: NetName=VBAT_3.7V Pin=C17-2
Added Pin To Net: NetName=VCC3V3 Pin=P10-1
Added Pin To Net: NetName=GND Pin=P10-2
Added Pin To Net: NetName=GND Pin=P11-1
Added Pin To Net: NetName=VCC3V3 Pin=P11-2
Added Pin To Net: NetName=GND Pin=PD2-20
Added Pin To Net: NetName=GND Pin=U4-1
Added Pin To Net: NetName=VBAT_3.7V Pin=U4-3
Change Net Name : Old Net Name=NetC7_2 New Net Name=NetC7_1
Added Pin To Net: NetName=K210_5V Pin=C15-2
Added Pin To Net: NetName=K210_5V Pin=C16-1
Added Pin To Net: NetName=K210_5V Pin=PD2-10
Added Pin To Net: NetName=K210_5V Pin=U4-2
Added Pin To Net: NetName=K210_5V Pin=U4-4
Added Net: Name=K210_5V
Added Pin To Net: NetName=K210_RX Pin=PD1-3
Added Pin To Net: NetName=K210_RX Pin=U1-30
Added Net: Name=K210_RX
Added Pin To Net: NetName=K210_TX Pin=PD1-13
Added Pin To Net: NetName=K210_TX Pin=U1-31
Added Net: Name=K210_TX
Added Pin To Net: NetName=PA5 Pin=P11-3
Added Pin To Net: NetName=PA5 Pin=U1-15
Added Net: Name=PA5
Added Pin To Net: NetName=PA7 Pin=P11-4
Added Pin To Net: NetName=PA7 Pin=U1-17
Added Net: Name=PA7
Added Pin To Net: NetName=PA11 Pin=P10-3
Added Pin To Net: NetName=PA11 Pin=U1-32
Added Net: Name=PA11
Added Pin To Net: NetName=PA12 Pin=P10-4
Added Pin To Net: NetName=PA12 Pin=U1-33
Added Net: Name=PA12
Added Member To Class: ClassName=Main Member=Component C15 104
Added Member To Class: ClassName=Main Member=Component C16 220uF
Added Member To Class: ClassName=Main Member=Component C17 104
Added Member To Class: ClassName=Main Member=Component P10 排母
Added Member To Class: ClassName=Main Member=Component P11 0,96寸OLED显示模组
Added Member To Class: ClassName=Main Member=Component PD1 Header10X2
Added Member To Class: ClassName=Main Member=Component PD2 Header10X2
Added Member To Class: ClassName=Main Member=Component PD3 Header10X2
Added Member To Class: ClassName=Main Member=Component U4 AM1117-5V
Added Room: Name=Main
